[debug] [2023-01-29T13:53:24.808Z] ----------------------------------------------------------------------
[debug] [2023-01-29T13:53:24.810Z] Command:       C:\Program Files\nodejs\node.exe C:\Users\Dixit\AppData\Roaming\npm\node_modules\firebase-tools\lib\bin\firebase.js emulators:start --only functions
[debug] [2023-01-29T13:53:24.811Z] CLI Version:   11.18.0
[debug] [2023-01-29T13:53:24.811Z] Platform:      win32
[debug] [2023-01-29T13:53:24.811Z] Node Version:  v16.13.2
[debug] [2023-01-29T13:53:24.814Z] Time:          Sun Jan 29 2023 19:23:24 GMT+0530 (India Standard Time)
[debug] [2023-01-29T13:53:24.814Z] ----------------------------------------------------------------------
[debug] 
[debug] [2023-01-29T13:53:24.917Z] > command requires scopes: ["email","openid","https://www.googleapis.com/auth/cloudplatformprojects.readonly","https://www.googleapis.com/auth/firebase","https://www.googleapis.com/auth/cloud-platform"]
[debug] [2023-01-29T13:53:24.917Z] > authorizing via signed-in user (contact.sportana@gmail.com)
[info] i  emulators: Starting emulators: functions {"metadata":{"emulator":{"name":"hub"},"message":"Starting emulators: functions"}}
[debug] [2023-01-29T13:53:24.939Z] [logging] Logging Emulator only supports listening on one address (127.0.0.1). Not listening on ::1
[debug] [2023-01-29T13:53:24.940Z] assigned listening specs for emulators {"user":{"hub":[{"address":"127.0.0.1","family":"IPv4","port":4400},{"address":"::1","family":"IPv6","port":4400}],"ui":[{"address":"127.0.0.1","family":"IPv4","port":4000},{"address":"::1","family":"IPv6","port":4000}],"logging":[{"address":"127.0.0.1","family":"IPv4","port":4500}]},"metadata":{"message":"assigned listening specs for emulators"}}
[debug] [2023-01-29T13:53:24.956Z] [hub] writing locator at C:\Users\Dixit\AppData\Local\Temp\hub-e-tuts.json
[debug] [2023-01-29T13:53:25.026Z] [functions] Functions Emulator only supports listening on one address (127.0.0.1). Not listening on ::1
[debug] [2023-01-29T13:53:25.027Z] [eventarc] Eventarc Emulator only supports listening on one address (127.0.0.1). Not listening on ::1
[debug] [2023-01-29T13:53:25.027Z] late-assigned ports for functions and eventarc emulators {"user":{"hub":[{"address":"127.0.0.1","family":"IPv4","port":4400},{"address":"::1","family":"IPv6","port":4400}],"ui":[{"address":"127.0.0.1","family":"IPv4","port":4000},{"address":"::1","family":"IPv6","port":4000}],"logging":[{"address":"127.0.0.1","family":"IPv4","port":4500}],"functions":[{"address":"127.0.0.1","family":"IPv4","port":5001}],"eventarc":[{"address":"127.0.0.1","family":"IPv4","port":9299}]},"metadata":{"message":"late-assigned ports for functions and eventarc emulators"}}
[warn] !  functions: The following emulators are not running, calls to these services from the Functions emulator will affect production: auth, firestore, database, hosting, pubsub, storage {"metadata":{"emulator":{"name":"functions"},"message":"The following emulators are not running, calls to these services from the Functions emulator will affect production: \u001b[1mauth, firestore, database, hosting, pubsub, storage\u001b[22m"}}
[info] +  functions: Using node@16 from host. {"metadata":{"emulator":{"name":"functions"},"message":"Using node@16 from host."}}
[debug] [2023-01-29T13:53:25.157Z] defaultcredentials: writing to file C:\Users\Dixit\AppData\Roaming\firebase\contact_sportana_gmail.com_application_default_credentials.json
[debug] [2023-01-29T13:53:25.165Z] Setting GAC to C:\Users\Dixit\AppData\Roaming\firebase\contact_sportana_gmail.com_application_default_credentials.json {"metadata":{"emulator":{"name":"functions"},"message":"Setting GAC to C:\\Users\\Dixit\\AppData\\Roaming\\firebase\\contact_sportana_gmail.com_application_default_credentials.json"}}
[debug] [2023-01-29T13:53:25.168Z] > refreshing access token with scopes: []
[debug] [2023-01-29T13:53:25.173Z] >>> [apiv2][query] POST https://www.googleapis.com/oauth2/v3/token [none]
[debug] [2023-01-29T13:53:25.173Z] >>> [apiv2][body] POST https://www.googleapis.com/oauth2/v3/token [omitted]
[debug] [2023-01-29T13:53:25.953Z] <<< [apiv2][status] POST https://www.googleapis.com/oauth2/v3/token 200
[debug] [2023-01-29T13:53:25.954Z] <<< [apiv2][body] POST https://www.googleapis.com/oauth2/v3/token [omitted]
[debug] [2023-01-29T13:53:25.962Z] >>> [apiv2][query] GET https://firebase.googleapis.com/v1beta1/projects/e-tuts/adminSdkConfig [none]
[debug] [2023-01-29T13:53:26.854Z] <<< [apiv2][status] GET https://firebase.googleapis.com/v1beta1/projects/e-tuts/adminSdkConfig 200
[debug] [2023-01-29T13:53:26.855Z] <<< [apiv2][body] GET https://firebase.googleapis.com/v1beta1/projects/e-tuts/adminSdkConfig {"projectId":"e-tuts","databaseURL":"https://e-tuts-default-rtdb.firebaseio.com","storageBucket":"e-tuts.appspot.com","locationId":"us-central"}
[debug] [2023-01-29T13:53:26.905Z] Ignoring unsupported arg: auto_download {"metadata":{"emulator":{"name":"ui"},"message":"Ignoring unsupported arg: auto_download"}}
[debug] [2023-01-29T13:53:26.906Z] Ignoring unsupported arg: port {"metadata":{"emulator":{"name":"ui"},"message":"Ignoring unsupported arg: port"}}
[debug] [2023-01-29T13:53:26.906Z] Starting Emulator UI with command {"binary":"node","args":["C:\\Users\\Dixit\\.cache\\firebase\\emulators\\ui-v1.11.1\\server\\server.js"],"optionalArgs":[],"joinArgs":false} {"metadata":{"emulator":{"name":"ui"},"message":"Starting Emulator UI with command {\"binary\":\"node\",\"args\":[\"C:\\\\Users\\\\Dixit\\\\.cache\\\\firebase\\\\emulators\\\\ui-v1.11.1\\\\server\\\\server.js\"],\"optionalArgs\":[],\"joinArgs\":false}"}}
[info] i  ui: Emulator UI logging to ui-debug.log {"metadata":{"emulator":{"name":"ui"},"message":"Emulator UI logging to \u001b[1mui-debug.log\u001b[22m"}}
[debug] [2023-01-29T13:53:27.154Z] Web / API server started at 127.0.0.1:4000
 {"metadata":{"emulator":{"name":"ui"},"message":"Web / API server started at 127.0.0.1:4000\n"}}
[debug] [2023-01-29T13:53:27.155Z] Web / API server started at ::1:4000
 {"metadata":{"emulator":{"name":"ui"},"message":"Web / API server started at ::1:4000\n"}}
[info] i  functions: Watching "F:\testnew\functions" for Cloud Functions... {"metadata":{"emulator":{"name":"functions"},"message":"Watching \"F:\\testnew\\functions\" for Cloud Functions..."}}
[debug] [2023-01-29T13:53:27.201Z] Validating nodejs source
[warn] !  functions: package.json indicates an outdated version of firebase-functions. Please upgrade using npm install --save firebase-functions@latest in your functions directory. 
[warn] !  functions: Please note that there will be breaking changes when you upgrade. 
[debug] [2023-01-29T13:53:33.578Z] > [functions] package.json contents: {
  "name": "functions",
  "type": "module",
  "description": "Cloud Functions for Firebase",
  "scripts": {
    "lint": "eslint .",
    "serve": "firebase emulators:start --only functions",
    "shell": "firebase functions:shell",
    "start": "npm run shell",
    "deploy": "firebase deploy --only functions",
    "logs": "firebase functions:log"
  },
  "engines": {
    "node": "16"
  },
  "main": "index.js",
  "dependencies": {
    "firebase-admin": "^10.0.2",
    "firebase-functions": "^3.18.0",
    "node-fetch": "^3.2.8",
    "nodemailer": "^6.8.0"
  },
  "devDependencies": {
    "eslint": "^8.9.0",
    "eslint-config-google": "^0.14.0",
    "firebase-functions-test": "^0.2.0"
  },
  "private": true
}
[debug] [2023-01-29T13:53:33.579Z] Building nodejs source
[debug] [2023-01-29T13:53:33.579Z] Analyzing nodejs backend spec
[debug] [2023-01-29T13:53:33.581Z] Could not find functions.yaml. Must use http discovery
[debug] [2023-01-29T13:53:34.711Z] Serving at port 9005

[debug] [2023-01-29T13:53:35.037Z] Got response from /__/functions.yaml {"endpoints":{"sendCustomNotification":{"platform":"gcfv1","labels":{},"callableTrigger":{},"entryPoint":"sendCustomNotification"}},"specVersion":"v1alpha1","requiredAPIs":[]}
[debug] [2023-01-29T13:53:35.046Z] shutdown requested via /__/quitquitquit

[info] +  functions: Loaded functions definitions from source: sendCustomNotification. {"metadata":{"emulator":{"name":"functions"},"message":"Loaded functions definitions from source: sendCustomNotification."}}
[info] +  functions[us-central1-sendCustomNotification]: http function initialized (http://127.0.0.1:5001/e-tuts/us-central1/sendCustomNotification). {"metadata":{"emulator":{"name":"functions"},"message":"\u001b[1mhttp\u001b[22m function initialized (http://127.0.0.1:5001/e-tuts/us-central1/sendCustomNotification)."}}
[info] 
┌─────────────────────────────────────────────────────────────┐
│ ✔  All emulators ready! It is now safe to connect your app. │
│ i  View Emulator UI at http://127.0.0.1:4000/               │
└─────────────────────────────────────────────────────────────┘

┌───────────┬────────────────┬─────────────────────────────────┐
│ Emulator  │ Host:Port      │ View in Emulator UI             │
├───────────┼────────────────┼─────────────────────────────────┤
│ Functions │ 127.0.0.1:5001 │ http://127.0.0.1:4000/functions │
└───────────┴────────────────┴─────────────────────────────────┘
  Emulator Hub running at 127.0.0.1:4400
  Other reserved ports: 4500

Issues? Report them at https://github.com/firebase/firebase-tools/issues and attach the *-debug.log files.
 
[debug] [2023-01-29T13:58:01.344Z] Received signal SIGHUP 1
